<html>
<head>
<title>TestNG:  Test</title>
<link href="../testng.css" rel="stylesheet" type="text/css" />
<link href="../my-testng.css" rel="stylesheet" type="text/css" />

<style type="text/css">
.log { display: none;} 
.stack-trace { display: none;} 
</style>
<script type="text/javascript">
<!--
function flip(e) {
  current = e.style.display;
  if (current == 'block') {
    e.style.display = 'none';
    return 0;
  }
  else {
    e.style.display = 'block';
    return 1;
  }
}

function toggleBox(szDivId, elem, msg1, msg2)
{
  var res = -1;  if (document.getElementById) {
    res = flip(document.getElementById(szDivId));
  }
  else if (document.all) {
    // this is the way old msie versions work
    res = flip(document.all[szDivId]);
  }
  if(elem) {
    if(res == 0) elem.innerHTML = msg1; else elem.innerHTML = msg2;
  }

}

function toggleAllBoxes() {
  if (document.getElementsByTagName) {
    d = document.getElementsByTagName('div');
    for (i = 0; i < d.length; i++) {
      if (d[i].className == 'log') {
        flip(d[i]);
      }
    }
  }
}

// -->
</script>

</head>
<body>
<h2 align='center'>Test</h2><table border='1' align="center">
<tr>
<td>Tests passed/Failed/Skipped:</td><td>19/2/0</td>
</tr><tr>
<td>Started on:</td><td>Mon Nov 26 17:06:06 IST 2018</td>
</tr>
<tr><td>Total time:</td><td>0 seconds (585 ms)</td>
</tr><tr>
<td>Included groups:</td><td></td>
</tr><tr>
<td>Excluded groups:</td><td></td>
</tr>
</table><p/>
<small><i>(Hover the method name to see the test class name)</i></small><p/>
<table width='100%' border='1' class='invocation-failed'>
<tr><td colspan='4' align='center'><b>FAILED TESTS</b></td></tr>
<tr><td><b>Test method</b></td>
<td width="30%"><b>Exception</b></td>
<td width="10%"><b>Time (seconds)</b></td>
<td><b>Instance</b></td>
</tr>
<tr>
<td title='com.testAnnotations.SoftAssert_FailMethod.testCase1()'><b>testCase1</b><br>Test class: com.testAnnotations.SoftAssert_FailMethod</td>
<td><div><pre>java.lang.AssertionError: The following asserts failed:
	String not Match
	at com.testAnnotations.SoftAssert_FailMethod.testCase1(SoftAssert_FailMethod.java:19)
... Removed 26 stack frames</pre></div><a href='#' onClick='toggleBox("stack-trace708533063", this, "Click to show all stack frames", "Click to hide stack frames")'>Click to show all stack frames</a>
<div class='stack-trace' id='stack-trace708533063'><pre>java.lang.AssertionError: The following asserts failed:
	String not Match
	at org.testng.asserts.SoftAssert.assertAll(SoftAssert.java:43)
	at com.testAnnotations.SoftAssert_FailMethod.testCase1(SoftAssert_FailMethod.java:19)
	at sun.reflect.NativeMethodAccessorImpl.invoke0(Native Method)
	at sun.reflect.NativeMethodAccessorImpl.invoke(NativeMethodAccessorImpl.java:62)
	at sun.reflect.DelegatingMethodAccessorImpl.invoke(DelegatingMethodAccessorImpl.java:43)
	at java.lang.reflect.Method.invoke(Method.java:498)
	at org.testng.internal.MethodInvocationHelper.invokeMethod(MethodInvocationHelper.java:124)
	at org.testng.internal.Invoker.invokeMethod(Invoker.java:580)
	at org.testng.internal.Invoker.invokeTestMethod(Invoker.java:716)
	at org.testng.internal.Invoker.invokeTestMethods(Invoker.java:988)
	at org.testng.internal.TestMethodWorker.invokeTestMethods(TestMethodWorker.java:125)
	at org.testng.internal.TestMethodWorker.run(TestMethodWorker.java:109)
	at org.testng.TestRunner.privateRun(TestRunner.java:648)
	at org.testng.TestRunner.run(TestRunner.java:505)
	at org.testng.SuiteRunner.runTest(SuiteRunner.java:455)
	at org.testng.SuiteRunner.runSequentially(SuiteRunner.java:450)
	at org.testng.SuiteRunner.privateRun(SuiteRunner.java:415)
	at org.testng.SuiteRunner.run(SuiteRunner.java:364)
	at org.testng.SuiteRunnerWorker.runSuite(SuiteRunnerWorker.java:52)
	at org.testng.SuiteRunnerWorker.run(SuiteRunnerWorker.java:84)
	at org.testng.TestNG.runSuitesSequentially(TestNG.java:1208)
	at org.testng.TestNG.runSuitesLocally(TestNG.java:1137)
	at org.testng.TestNG.runSuites(TestNG.java:1049)
	at org.testng.TestNG.run(TestNG.java:1017)
	at org.testng.remote.AbstractRemoteTestNG.run(AbstractRemoteTestNG.java:114)
	at org.testng.remote.RemoteTestNG.initAndRun(RemoteTestNG.java:251)
	at org.testng.remote.RemoteTestNG.main(RemoteTestNG.java:77)
</pre></div></td>
<td>0</td>
<td>com.testAnnotations.SoftAssert_FailMethod@2a2d45ba</td></tr>
<tr>
<td title='com.testAnnotations.SoftAssertExample.testCase1()'><b>testCase1</b><br>Test class: com.testAnnotations.SoftAssertExample</td>
<td><div><pre>java.lang.AssertionError: The following asserts failed:
	expected [10] but found [12],
	expected [Poona] but found [Pune]
	at com.testAnnotations.SoftAssertExample.testCase1(SoftAssertExample.java:19)
... Removed 26 stack frames</pre></div><a href='#' onClick='toggleBox("stack-trace711327356", this, "Click to show all stack frames", "Click to hide stack frames")'>Click to show all stack frames</a>
<div class='stack-trace' id='stack-trace711327356'><pre>java.lang.AssertionError: The following asserts failed:
	expected [10] but found [12],
	expected [Poona] but found [Pune]
	at org.testng.asserts.SoftAssert.assertAll(SoftAssert.java:43)
	at com.testAnnotations.SoftAssertExample.testCase1(SoftAssertExample.java:19)
	at sun.reflect.NativeMethodAccessorImpl.invoke0(Native Method)
	at sun.reflect.NativeMethodAccessorImpl.invoke(NativeMethodAccessorImpl.java:62)
	at sun.reflect.DelegatingMethodAccessorImpl.invoke(DelegatingMethodAccessorImpl.java:43)
	at java.lang.reflect.Method.invoke(Method.java:498)
	at org.testng.internal.MethodInvocationHelper.invokeMethod(MethodInvocationHelper.java:124)
	at org.testng.internal.Invoker.invokeMethod(Invoker.java:580)
	at org.testng.internal.Invoker.invokeTestMethod(Invoker.java:716)
	at org.testng.internal.Invoker.invokeTestMethods(Invoker.java:988)
	at org.testng.internal.TestMethodWorker.invokeTestMethods(TestMethodWorker.java:125)
	at org.testng.internal.TestMethodWorker.run(TestMethodWorker.java:109)
	at org.testng.TestRunner.privateRun(TestRunner.java:648)
	at org.testng.TestRunner.run(TestRunner.java:505)
	at org.testng.SuiteRunner.runTest(SuiteRunner.java:455)
	at org.testng.SuiteRunner.runSequentially(SuiteRunner.java:450)
	at org.testng.SuiteRunner.privateRun(SuiteRunner.java:415)
	at org.testng.SuiteRunner.run(SuiteRunner.java:364)
	at org.testng.SuiteRunnerWorker.runSuite(SuiteRunnerWorker.java:52)
	at org.testng.SuiteRunnerWorker.run(SuiteRunnerWorker.java:84)
	at org.testng.TestNG.runSuitesSequentially(TestNG.java:1208)
	at org.testng.TestNG.runSuitesLocally(TestNG.java:1137)
	at org.testng.TestNG.runSuites(TestNG.java:1049)
	at org.testng.TestNG.run(TestNG.java:1017)
	at org.testng.remote.AbstractRemoteTestNG.run(AbstractRemoteTestNG.java:114)
	at org.testng.remote.RemoteTestNG.initAndRun(RemoteTestNG.java:251)
	at org.testng.remote.RemoteTestNG.main(RemoteTestNG.java:77)
</pre></div></td>
<td>0</td>
<td>com.testAnnotations.SoftAssertExample@2a5ca609</td></tr>
</table><p>
<table width='100%' border='1' class='invocation-passed'>
<tr><td colspan='4' align='center'><b>PASSED TESTS</b></td></tr>
<tr><td><b>Test method</b></td>
<td width="30%"><b>Exception</b></td>
<td width="10%"><b>Time (seconds)</b></td>
<td><b>Instance</b></td>
</tr>
<tr>
<td title='com.testAnnotations.DependencyExample.login()'><b>login</b><br>Test class: com.testAnnotations.DependencyExample</td>
<td></td>
<td>0</td>
<td>com.testAnnotations.DependencyExample@5419f379</td></tr>
<tr>
<td title='com.testAnnotations.Param_ExcelDataProvider.testCase1()'><b>testCase1</b><br>Test class: com.testAnnotations.Param_ExcelDataProvider<br>Parameters: Name1, Password1</td>
<td></td>
<td>0</td>
<td>com.testAnnotations.Param_ExcelDataProvider@20e2cbe0</td></tr>
<tr>
<td title='com.testAnnotations.Param_ExcelDataProvider.testCase1()'><b>testCase1</b><br>Test class: com.testAnnotations.Param_ExcelDataProvider<br>Parameters: Name2, Password2</td>
<td></td>
<td>0</td>
<td>com.testAnnotations.Param_ExcelDataProvider@20e2cbe0</td></tr>
<tr>
<td title='com.testAnnotations.Param_ExcelDataProvider.testCase1()'><b>testCase1</b><br>Test class: com.testAnnotations.Param_ExcelDataProvider<br>Parameters: Name3, Password3</td>
<td></td>
<td>0</td>
<td>com.testAnnotations.Param_ExcelDataProvider@20e2cbe0</td></tr>
<tr>
<td title='com.testAnnotations.Param_ExcelDataProvider.testCase1()'><b>testCase1</b><br>Test class: com.testAnnotations.Param_ExcelDataProvider<br>Parameters: Name4, Password4</td>
<td></td>
<td>0</td>
<td>com.testAnnotations.Param_ExcelDataProvider@20e2cbe0</td></tr>
<tr>
<td title='com.testAnnotations.Param_ExcelDataProvider.testCase1()'><b>testCase1</b><br>Test class: com.testAnnotations.Param_ExcelDataProvider<br>Parameters: Name5, Password5</td>
<td></td>
<td>0</td>
<td>com.testAnnotations.Param_ExcelDataProvider@20e2cbe0</td></tr>
<tr>
<td title='com.testAnnotations.Param_ExcelDataProvider.testCase1()'><b>testCase1</b><br>Test class: com.testAnnotations.Param_ExcelDataProvider<br>Parameters: Name6, Password6</td>
<td></td>
<td>0</td>
<td>com.testAnnotations.Param_ExcelDataProvider@20e2cbe0</td></tr>
<tr>
<td title='com.testAnnotations.Param_ExcelDataProvider.testCase1()'><b>testCase1</b><br>Test class: com.testAnnotations.Param_ExcelDataProvider<br>Parameters: Name7, Password7</td>
<td></td>
<td>0</td>
<td>com.testAnnotations.Param_ExcelDataProvider@20e2cbe0</td></tr>
<tr>
<td title='com.testAnnotations.Param_ExcelDataProvider.testCase1()'><b>testCase1</b><br>Test class: com.testAnnotations.Param_ExcelDataProvider<br>Parameters: Name8, Password8</td>
<td></td>
<td>0</td>
<td>com.testAnnotations.Param_ExcelDataProvider@20e2cbe0</td></tr>
<tr>
<td title='com.testAnnotations.Param_ExcelDataProvider.testCase1()'><b>testCase1</b><br>Test class: com.testAnnotations.Param_ExcelDataProvider<br>Parameters: Name9, Password9</td>
<td></td>
<td>0</td>
<td>com.testAnnotations.Param_ExcelDataProvider@20e2cbe0</td></tr>
<tr>
<td title='com.testAnnotations.Param_ExcelDataProvider.testCase1()'><b>testCase1</b><br>Test class: com.testAnnotations.Param_ExcelDataProvider<br>Parameters: Name10, Password10</td>
<td></td>
<td>0</td>
<td>com.testAnnotations.Param_ExcelDataProvider@20e2cbe0</td></tr>
<tr>
<td title='com.testAnnotations.Param_ExcelDataProvider.testCase1()'><b>testCase1</b><br>Test class: com.testAnnotations.Param_ExcelDataProvider<br>Parameters: Name11, Password11</td>
<td></td>
<td>0</td>
<td>com.testAnnotations.Param_ExcelDataProvider@20e2cbe0</td></tr>
<tr>
<td title='com.testAnnotations.Param_ExcelDataProvider.testCase1()'><b>testCase1</b><br>Test class: com.testAnnotations.Param_ExcelDataProvider<br>Parameters: Name12, Password12</td>
<td></td>
<td>0</td>
<td>com.testAnnotations.Param_ExcelDataProvider@20e2cbe0</td></tr>
<tr>
<td title='com.testAnnotations.Param_ExcelDataProvider.testCase1()'><b>testCase1</b><br>Test class: com.testAnnotations.Param_ExcelDataProvider<br>Parameters: Name13, Password13</td>
<td></td>
<td>0</td>
<td>com.testAnnotations.Param_ExcelDataProvider@20e2cbe0</td></tr>
<tr>
<td title='com.testAnnotations.Param_ExcelDataProvider.testCase1()'><b>testCase1</b><br>Test class: com.testAnnotations.Param_ExcelDataProvider<br>Parameters: Name14, Password14</td>
<td></td>
<td>0</td>
<td>com.testAnnotations.Param_ExcelDataProvider@20e2cbe0</td></tr>
<tr>
<td title='com.testAnnotations.Param_ExcelDataProvider.testCase1()'><b>testCase1</b><br>Test class: com.testAnnotations.Param_ExcelDataProvider<br>Parameters: Name15, Password15</td>
<td></td>
<td>0</td>
<td>com.testAnnotations.Param_ExcelDataProvider@20e2cbe0</td></tr>
<tr>
<td title='com.testAnnotations.Param_ExcelDataProvider.testCase1()'><b>testCase1</b><br>Test class: com.testAnnotations.Param_ExcelDataProvider<br>Parameters: Name16, Password16</td>
<td></td>
<td>0</td>
<td>com.testAnnotations.Param_ExcelDataProvider@20e2cbe0</td></tr>
<tr>
<td title='com.testAnnotations.HardAsserExample.testCase1()'><b>testCase1</b><br>Test class: com.testAnnotations.HardAsserExample</td>
<td></td>
<td>0</td>
<td>com.testAnnotations.HardAsserExample@68be2bc2</td></tr>
<tr>
<td title='com.testAnnotations.WorkWithExcel.workwithExcel()'><b>workwithExcel</b><br>Test class: com.testAnnotations.WorkWithExcel</td>
<td></td>
<td>0</td>
<td>com.testAnnotations.WorkWithExcel@7c16905e</td></tr>
</table><p>
</body>
</html>